<?xml version="1.0" encoding="UTF-8"?>
<!-- Generated by org.testng.reporters.JUnitReportReporter -->
<testsuite hostname="Farukh" failures="0" tests="3" name="testcases.TC2_Login" time="19.261" errors="0" timestamp="2024-12-21T10:33:28 EST" skipped="0">
  <testcase classname="testcases.TC2_Login" name="testLoginWithValidCredentials" time="4.088"/>
  <testcase classname="testcases.TC2_Login" name="testLoginWithValidCredentials" time="4.565"/>
  <testcase classname="testcases.TC2_Login" name="testLoginWithValidCredentials" time="10.608"/>
</testsuite> <!-- testcases.TC2_Login -->
