<?xml version="1.0" encoding="UTF-8"?>
<!-- Generated by org.testng.reporters.JUnitReportReporter -->
<testsuite hostname="Farukh" failures="0" tests="1" name="testcases.TC3_Logout" time="5.636" errors="0" timestamp="2024-12-21T10:27:09 EST" skipped="0">
  <testcase classname="testcases.TC3_Logout" name="testLogout" time="5.636"/>
</testsuite> <!-- testcases.TC3_Logout -->
