<?xml version="1.0" encoding="UTF-8"?>
<!-- Generated by org.testng.reporters.JUnitReportReporter -->
<testsuite hostname="Farukh" failures="0" tests="1" name="testcases.TC4_SeachProduct" time="3.387" errors="0" timestamp="2024-12-21T10:27:09 EST" skipped="0">
  <testcase classname="testcases.TC4_SeachProduct" name="testProductSearch" time="3.387"/>
</testsuite> <!-- testcases.TC4_SeachProduct -->
