<?xml version="1.0" encoding="UTF-8"?>
<!-- Generated by org.testng.reporters.JUnitReportReporter -->
<testsuite hostname="Farukh" failures="0" tests="1" name="testcases.TC5_AddToCart" time="5.143" errors="0" timestamp="2025-05-22T16:56:21 EDT" skipped="0">
  <testcase classname="testcases.TC5_AddToCart" name="testAddToCart" time="5.143"/>
</testsuite> <!-- testcases.TC5_AddToCart -->
