<?xml version="1.0" encoding="UTF-8"?>
<!-- Generated by org.testng.reporters.JUnitReportReporter -->
<testsuite hostname="Farukh" failures="0" tests="1" name="testcases.TC1_Registration" time="5.474" errors="0" timestamp="2024-12-28T21:19:21 EST" skipped="0">
  <testcase classname="testcases.TC1_Registration" name="testUserRegistration" time="5.474"/>
</testsuite> <!-- testcases.TC1_Registration -->
