<?xml version="1.0" encoding="UTF-8"?>
<!-- Generated by org.testng.reporters.JUnitReportReporter -->
<testsuite hostname="Farukh" failures="0" tests="1" name="testcases.TC1_Registration" time="5.893" errors="0" timestamp="2025-05-22T16:56:21 EDT" skipped="0">
  <testcase classname="testcases.TC1_Registration" name="testUserRegistration" time="5.893"/>
</testsuite> <!-- testcases.TC1_Registration -->
