<?xml version="1.0" encoding="UTF-8"?>
<!-- Generated by org.testng.reporters.JUnitReportReporter -->
<testsuite hostname="Farukh" failures="0" tests="3" name="testcases.TC1_Registration" time="14.527" errors="0" timestamp="2024-12-21T10:33:28 EST" skipped="0">
  <testcase classname="testcases.TC1_Registration" name="testUserRegistration" time="4.860"/>
  <testcase classname="testcases.TC1_Registration" name="testUserRegistration" time="4.792"/>
  <testcase classname="testcases.TC1_Registration" name="testUserRegistration" time="4.875"/>
</testsuite> <!-- testcases.TC1_Registration -->
