<?xml version="1.0" encoding="UTF-8"?>
<!-- Generated by org.testng.reporters.JUnitReportReporter -->
<testsuite hostname="Farukh" failures="0" tests="1" name="testcases.TC2_Login" time="4.492" errors="0" timestamp="2024-12-28T21:19:21 EST" skipped="0">
  <testcase classname="testcases.TC2_Login" name="testLoginWithValidCredentials" time="4.492"/>
</testsuite> <!-- testcases.TC2_Login -->
