<?xml version="1.0" encoding="UTF-8"?>
<!-- Generated by org.testng.reporters.JUnitReportReporter -->
<testsuite hostname="Farukh" failures="0" tests="1" name="testcases.TC4_SeachProduct" time="3.661" errors="0" timestamp="2025-05-22T16:56:21 EDT" skipped="0">
  <testcase classname="testcases.TC4_SeachProduct" name="testProductSearch" time="3.661"/>
</testsuite> <!-- testcases.TC4_SeachProduct -->
