<?xml version="1.0" encoding="UTF-8"?>
<!-- Generated by org.testng.reporters.JUnitReportReporter -->
<testsuite hostname="Farukh" failures="0" tests="1" name="testCases.TC001_AccountRegistrationTest" time="4.551" errors="0" timestamp="2024-12-19T15:11:43 EST" skipped="0">
  <testcase classname="testCases.TC001_AccountRegistrationTest" name="verifyAccountRegistraion" time="4.551"/>
</testsuite> <!-- testCases.TC001_AccountRegistrationTest -->
