<?xml version="1.0" encoding="UTF-8"?>
<!-- Generated by org.testng.reporters.JUnitReportReporter -->
<testsuite hostname="Farukh" failures="0" tests="1" name="testCases.TC002_LoginTest" time="1.621" errors="0" timestamp="2024-12-19T15:11:43 EST" skipped="0">
  <testcase classname="testCases.TC002_LoginTest" name="verifyLogin" time="1.621"/>
</testsuite> <!-- testCases.TC002_LoginTest -->
